<?xml version="1.0" encoding="UTF-8"?>
<testng-results ignored="0" total="1" passed="1" failed="0" skipped="0">
  <reporter-output>
  </reporter-output>
  <suite started-at="2023-08-01T08:27:21 IST" name="Default suite" finished-at="2023-08-01T08:29:07 IST" duration-ms="106820">
    <groups>
    </groups>
    <test started-at="2023-08-01T08:27:21 IST" name="Default test" finished-at="2023-08-01T08:29:07 IST" duration-ms="106820">
      <class name="tests.TestCases">
        <test-method is-config="true" signature="beforeTest()[pri:0, instance:tests.TestCases@68c9133c]" started-at="2023-08-01T08:27:21 IST" name="beforeTest" finished-at="2023-08-01T08:28:57 IST" duration-ms="96508" status="PASS">
          <reporter-output>
          </reporter-output>
        </test-method> <!-- beforeTest -->
        <test-method signature="loginTestCase()[pri:0, instance:tests.TestCases@68c9133c]" started-at="2023-08-01T08:28:57 IST" name="loginTestCase" finished-at="2023-08-01T08:29:05 IST" duration-ms="7542" status="PASS">
          <reporter-output>
          </reporter-output>
        </test-method> <!-- loginTestCase -->
        <test-method is-config="true" signature="afterTest()[pri:0, instance:tests.TestCases@68c9133c]" started-at="2023-08-01T08:29:05 IST" name="afterTest" finished-at="2023-08-01T08:29:07 IST" duration-ms="2654" status="PASS">
          <reporter-output>
          </reporter-output>
        </test-method> <!-- afterTest -->
      </class> <!-- tests.TestCases -->
    </test> <!-- Default test -->
  </suite> <!-- Default suite -->
</testng-results>
