<?xml version="1.0" encoding="UTF-8"?>
<testng-results ignored="0" total="1" passed="1" failed="0" skipped="0">
  <reporter-output>
  </reporter-output>
  <suite started-at="2023-08-07T08:22:09 IST" name="Default suite" finished-at="2023-08-07T08:23:19 IST" duration-ms="70124">
    <groups>
    </groups>
    <test started-at="2023-08-07T08:22:09 IST" name="Default test" finished-at="2023-08-07T08:23:19 IST" duration-ms="70124">
      <class name="tests.TestCases">
        <test-method is-config="true" signature="beforeTest()[pri:0, instance:tests.TestCases@68c9133c]" started-at="2023-08-07T08:22:09 IST" name="beforeTest" finished-at="2023-08-07T08:23:11 IST" duration-ms="62092" status="PASS">
          <reporter-output>
          </reporter-output>
        </test-method> <!-- beforeTest -->
        <test-method signature="loginTestCase()[pri:0, instance:tests.TestCases@68c9133c]" started-at="2023-08-07T08:23:11 IST" name="loginTestCase" finished-at="2023-08-07T08:23:18 IST" duration-ms="6676" status="PASS">
          <reporter-output>
          </reporter-output>
        </test-method> <!-- loginTestCase -->
        <test-method is-config="true" signature="afterTest()[pri:0, instance:tests.TestCases@68c9133c]" started-at="2023-08-07T08:23:18 IST" name="afterTest" finished-at="2023-08-07T08:23:19 IST" duration-ms="1196" status="PASS">
          <reporter-output>
          </reporter-output>
        </test-method> <!-- afterTest -->
      </class> <!-- tests.TestCases -->
    </test> <!-- Default test -->
  </suite> <!-- Default suite -->
</testng-results>
